TN:
SF:src/App.jsx
FN:6,getInitialTheme
FN:19,App
FN:30,handleLogin
FN:34,handleLogout
FN:48,onClick
FNF:5
FNH:5
FNDA:11,getInitialTheme
FNDA:16,App
FNDA:1,handleLogin
FNDA:2,handleLogout
FNDA:2,onClick
DA:1,1
DA:3,1
DA:4,1
DA:6,11
DA:7,11
DA:8,0
DA:9,0
DA:11,11
DA:12,11
DA:13,0
DA:14,0
DA:16,11
DA:17,11
DA:19,16
DA:20,16
DA:21,16
DA:23,16
DA:24,13
DA:25,13
DA:26,16
DA:28,16
DA:30,16
DA:31,1
DA:32,1
DA:34,16
DA:35,2
DA:36,2
DA:37,2
DA:39,16
DA:40,4
DA:41,4
DA:43,12
DA:44,12
DA:45,12
DA:46,12
DA:47,12
DA:48,12
DA:49,16
DA:50,16
DA:52,16
DA:53,2
DA:54,2
DA:55,2
DA:57,10
DA:58,10
DA:59,10
DA:61,16
DA:62,16
DA:63,16
DA:64,16
DA:65,16
DA:67,16
DA:68,16
DA:69,16
DA:71,16
DA:72,16
DA:74,16
DA:76,1
LF:58
LH:54
BRDA:6,0,0,11
BRDA:7,1,0,0
BRDA:12,2,0,0
BRDA:16,3,0,0
BRDA:19,4,0,16
BRDA:39,5,0,4
BRDA:41,6,0,12
BRDA:49,7,0,2
BRDA:49,8,0,10
BRDA:50,9,0,2
BRDA:50,10,0,10
BRDA:52,11,0,2
BRDA:55,12,0,10
BRDA:21,13,0,11
BRDA:23,14,0,13
BRDA:30,15,0,1
BRDA:34,16,0,2
BRDA:48,17,0,2
BRDA:48,18,0,0
BRF:19
BRH:15
end_of_record
TN:
SF:src/components/AddSubscriptionForm.jsx
FN:12,AddSubscriptionForm
FN:16,handleChange
FN:21,handleSubmit
FNF:3
FNH:3
FNDA:220,AddSubscriptionForm
FNDA:79,handleChange
FNDA:8,handleSubmit
DA:1,1
DA:2,1
DA:4,1
DA:5,1
DA:6,1
DA:7,1
DA:8,1
DA:9,1
DA:10,1
DA:12,220
DA:13,220
DA:14,220
DA:16,220
DA:17,79
DA:18,79
DA:19,79
DA:21,220
DA:22,8
DA:24,8
DA:25,2
DA:26,2
DA:27,2
DA:29,6
DA:30,6
DA:31,6
DA:32,6
DA:33,6
DA:34,6
DA:35,6
DA:36,6
DA:37,8
DA:39,220
DA:40,220
DA:41,220
DA:43,220
DA:44,220
DA:45,220
DA:46,220
DA:47,220
DA:48,220
DA:50,220
DA:51,220
DA:52,220
DA:53,220
DA:54,220
DA:55,220
DA:56,220
DA:57,220
DA:59,220
DA:60,220
DA:61,220
DA:62,220
DA:64,220
DA:65,220
DA:66,220
DA:67,220
DA:68,220
DA:69,220
DA:70,220
DA:71,220
DA:72,220
DA:74,220
DA:75,220
DA:76,220
DA:77,220
DA:78,220
DA:79,220
DA:81,220
DA:82,220
DA:83,220
DA:84,220
DA:86,220
DA:88,1
LF:73
LH:73
BRDA:12,0,0,220
BRDA:82,1,0,7
BRDA:82,2,0,213
BRDA:16,3,0,79
BRDA:18,4,0,79
BRDA:21,5,0,8
BRDA:24,6,0,7
BRDA:24,7,0,7
BRDA:24,8,0,6
BRDA:24,9,0,2
BRDA:27,10,0,6
BRF:11
BRH:11
end_of_record
TN:
SF:src/components/Header.jsx
FN:4,Header
FN:7,onClick
FNF:2
FNH:1
FNDA:4,Header
FNDA:0,onClick
DA:1,1
DA:2,1
DA:4,1
DA:5,4
DA:6,4
DA:7,4
DA:9,4
DA:10,4
DA:11,4
DA:12,4
DA:13,4
DA:14,4
DA:15,4
DA:16,4
DA:17,4
DA:19,4
DA:20,4
DA:21,4
DA:22,4
DA:23,4
DA:24,4
DA:25,4
DA:26,4
DA:27,4
DA:28,4
DA:29,4
DA:30,4
DA:32,4
DA:34,4
DA:37,4
DA:39,4
DA:41,4
DA:42,4
DA:43,4
DA:44,4
DA:45,4
DA:46,4
DA:47,4
DA:48,4
DA:49,4
DA:50,4
DA:51,4
DA:53,4
DA:55,1
LF:44
LH:44
BRDA:4,0,0,4
BRF:1
BRH:1
end_of_record
TN:
SF:src/components/LoginPage.jsx
FN:5,LoginPage
FN:11,handleSubmit
FN:49,onChange
FN:56,onChange
FNF:4
FNH:4
FNDA:186,LoginPage
FNDA:8,handleSubmit
FNDA:89,onChange
FNDA:66,onChange
DA:1,1
DA:3,1
DA:5,186
DA:6,186
DA:7,186
DA:8,186
DA:9,186
DA:11,186
DA:12,8
DA:13,8
DA:14,8
DA:16,8
DA:17,8
DA:18,8
DA:19,8
DA:20,8
DA:21,8
DA:23,5
DA:25,8
DA:26,2
DA:27,2
DA:28,2
DA:30,3
DA:31,3
DA:32,8
DA:33,1
DA:34,8
DA:35,6
DA:36,6
DA:37,8
DA:39,186
DA:40,186
DA:41,186
DA:42,186
DA:43,186
DA:44,186
DA:45,186
DA:46,186
DA:47,186
DA:48,186
DA:49,186
DA:50,186
DA:51,186
DA:52,186
DA:53,186
DA:54,186
DA:55,186
DA:56,186
DA:57,186
DA:58,186
DA:59,186
DA:60,186
DA:61,186
DA:62,186
DA:63,186
DA:64,186
DA:65,186
DA:67,186
LF:58
LH:58
BRDA:3,0,0,0
BRDA:5,1,0,186
BRDA:59,2,0,3
BRDA:61,3,0,8
BRDA:61,4,0,178
BRDA:11,5,0,8
BRDA:21,6,0,5
BRDA:25,7,0,3
BRDA:25,8,0,2
BRDA:26,9,0,0
BRDA:32,10,0,1
BRDA:34,11,0,4
BRDA:34,12,0,6
BRDA:49,13,0,89
BRDA:56,14,0,66
BRF:15
BRH:13
end_of_record
TN:
SF:src/components/SubscriptionCard.jsx
FN:1,SubscriptionCard
FN:5,onClick
FN:12,onClick
FNF:3
FNH:3
FNDA:267,SubscriptionCard
FNDA:3,onClick
FNDA:3,onClick
DA:1,267
DA:2,267
DA:3,267
DA:4,267
DA:5,267
DA:7,267
DA:8,267
DA:9,267
DA:10,267
DA:11,267
DA:12,267
DA:13,3
DA:14,3
DA:15,3
DA:16,267
DA:18,267
DA:19,267
DA:21,267
DA:22,267
DA:23,167
DA:24,167
DA:25,168
DA:26,167
DA:27,167
DA:29,267
DA:30,267
DA:31,267
DA:33,267
DA:34,97
DA:36,267
DA:38,267
DA:40,1
LF:32
LH:32
BRDA:1,0,0,267
BRDA:4,1,0,100
BRDA:4,2,0,167
BRDA:4,3,0,86
BRDA:4,4,0,181
BRDA:9,5,0,86
BRDA:22,6,0,167
BRDA:33,7,0,181
BRDA:33,8,0,97
BRDA:5,9,0,3
BRDA:12,10,0,3
BRDA:24,11,0,168
BRF:12
BRH:12
end_of_record
TN:
SF:src/components/SubscriptionList.jsx
FN:17,SubscriptionList
FN:18,authHeader
FN:30,SubscriptionList.scope
FN:43,fetchSubscriptions
FN:71,fetchConvertedSummary
FN:98,handleCreateSubscription
FN:116,handleDeleteSubscription
FN:137,handleUpdateSubscription
FN:175,onChange
FN:180,onChange
FN:191,onChange
FN:198,onChange
FN:231,onClose
FNF:13
FNH:13
FNDA:131,SubscriptionList
FNDA:73,authHeader
FNDA:130,SubscriptionList.scope
FNDA:40,fetchSubscriptions
FNDA:30,fetchConvertedSummary
FNDA:1,handleCreateSubscription
FNDA:1,handleDeleteSubscription
FNDA:1,handleUpdateSubscription
FNDA:7,onChange
FNDA:1,onChange
FNDA:1,onChange
FNDA:1,onChange
FNDA:1,onClose
DA:1,1
DA:2,1
DA:3,1
DA:4,1
DA:6,1
DA:7,1
DA:8,1
DA:9,1
DA:10,1
DA:11,1
DA:13,1
DA:15,1
DA:17,131
DA:18,131
DA:19,131
DA:20,131
DA:21,131
DA:22,131
DA:23,131
DA:24,131
DA:25,131
DA:26,131
DA:27,131
DA:28,131
DA:30,131
DA:31,130
DA:32,99
DA:33,99
DA:34,99
DA:35,99
DA:36,99
DA:37,99
DA:38,99
DA:39,99
DA:40,99
DA:41,131
DA:43,131
DA:44,40
DA:45,40
DA:47,40
DA:48,40
DA:49,40
DA:50,40
DA:51,40
DA:52,40
DA:54,40
DA:55,40
DA:56,40
DA:57,40
DA:58,40
DA:59,2
DA:60,2
DA:62,37
DA:63,37
DA:64,40
DA:65,2
DA:66,40
DA:67,40
DA:68,40
DA:69,40
DA:71,131
DA:72,30
DA:73,30
DA:74,30
DA:75,30
DA:76,30
DA:77,30
DA:78,0
DA:79,0
DA:80,0
DA:81,30
DA:82,30
DA:83,30
DA:84,0
DA:85,0
DA:86,30
DA:88,131
DA:90,37
DA:92,131
DA:94,131
DA:95,27
DA:96,131
DA:98,131
DA:99,1
DA:100,1
DA:101,1
DA:102,1
DA:103,1
DA:105,1
DA:106,1
DA:107,0
DA:108,0
DA:109,0
DA:111,1
DA:112,1
DA:113,1
DA:114,1
DA:116,131
DA:117,1
DA:118,1
DA:119,1
DA:120,1
DA:122,1
DA:123,1
DA:124,0
DA:125,0
DA:126,0
DA:128,1
DA:129,1
DA:130,1
DA:132,1
DA:133,0
DA:134,0
DA:135,1
DA:137,131
DA:138,1
DA:139,1
DA:140,1
DA:141,1
DA:142,1
DA:144,1
DA:145,1
DA:146,0
DA:147,0
DA:148,0
DA:150,1
DA:151,1
DA:152,1
DA:155,1
DA:156,1
DA:157,1
DA:159,131
DA:160,131
DA:161,131
DA:163,131
DA:165,131
DA:166,131
DA:168,131
DA:169,131
DA:170,131
DA:171,131
DA:172,131
DA:173,131
DA:174,131
DA:175,131
DA:176,131
DA:178,131
DA:179,131
DA:180,131
DA:182,131
DA:183,910
DA:184,910
DA:185,910
DA:186,131
DA:187,131
DA:188,131
DA:190,131
DA:191,131
DA:192,131
DA:193,131
DA:194,131
DA:195,131
DA:196,131
DA:198,131
DA:199,131
DA:200,131
DA:201,131
DA:202,131
DA:203,131
DA:204,131
DA:206,131
DA:207,27
DA:208,103
DA:209,2
DA:210,2
DA:211,2
DA:212,2
DA:213,101
DA:214,2
DA:216,99
DA:217,99
DA:218,297
DA:219,297
DA:220,297
DA:221,297
DA:222,297
DA:223,297
DA:224,99
DA:225,99
DA:228,131
DA:229,131
DA:230,131
DA:231,131
DA:232,131
DA:233,131
DA:235,131
DA:237,1
LF:197
LH:181
BRDA:13,0,0,0
BRDA:17,1,0,131
BRDA:163,2,0,99
BRDA:206,3,0,41
BRDA:206,4,0,27
BRDA:207,5,0,103
BRDA:208,6,0,2
BRDA:212,7,0,101
BRDA:213,8,0,2
BRDA:214,9,0,99
BRDA:18,10,0,73
BRDA:30,11,0,130
BRDA:31,12,0,99
BRDA:43,13,0,40
BRDA:49,14,0,7
BRDA:50,15,0,1
BRDA:57,16,0,1
BRDA:57,17,0,39
BRDA:58,18,0,2
BRDA:60,19,0,37
BRDA:64,20,0,2
BRDA:66,21,0,39
BRDA:71,22,0,30
BRDA:77,23,0,0
BRDA:83,24,0,0
BRDA:88,25,0,37
BRDA:94,26,0,27
BRDA:98,27,0,1
BRDA:105,28,0,0
BRDA:106,29,0,0
BRDA:116,30,0,1
BRDA:122,31,0,0
BRDA:123,32,0,0
BRDA:132,33,0,0
BRDA:132,34,0,0
BRDA:137,35,0,1
BRDA:144,36,0,0
BRDA:145,37,0,0
BRDA:175,38,0,7
BRDA:180,39,0,1
BRDA:182,40,0,910
BRDA:191,41,0,1
BRDA:198,42,0,1
BRDA:217,43,0,297
BRDA:231,44,0,1
BRF:45
BRH:34
end_of_record
TN:
SF:src/components/SummaryCards.jsx
FN:1,SummaryCards
FNF:1
FNH:1
FNDA:124,SummaryCards
DA:1,124
DA:2,124
DA:3,124
DA:4,124
DA:5,124
DA:7,124
DA:8,124
DA:9,124
DA:10,72
DA:11,72
DA:12,72
DA:13,52
DA:15,124
DA:16,124
DA:17,124
DA:18,124
DA:19,124
DA:20,124
DA:22,124
DA:23,124
DA:24,124
DA:25,124
DA:27,124
DA:28,124
DA:29,124
DA:30,124
DA:32,124
DA:33,124
DA:34,124
DA:35,124
DA:36,124
DA:38,124
DA:40,1
LF:33
LH:33
BRDA:1,0,0,124
BRDA:9,1,0,72
BRDA:12,2,0,52
BRDA:2,3,0,259
BRDA:4,4,0,174
BRDA:4,5,0,3
BRDA:4,6,0,171
BRDA:7,7,0,174
BRF:8
BRH:8
end_of_record
